<?xml version="1.0" encoding="UTF-8"?>
<robot generator="Robot 7.0 (Python 3.12.1 on win32)" generated="2024-02-16T11:38:25.579475" rpa="false" schemaversion="5">
<suite id="s1" name="SeleniumLabb" source="C:\Users\LukasAlksäter-MT23GB\Desktop\Labb\SeleniumLabb">
<suite id="s1-s1" name="Test" source="C:\Users\LukasAlksäter-MT23GB\Desktop\Labb\SeleniumLabb\test.robot">
<kw name="setup" type="SETUP">
<kw name="Open Browser" owner="SeleniumLibrary">
<msg time="2024-02-16T11:38:26.005334" level="INFO">Opening browser 'Chrome' to base url 'None'.</msg>
<arg>browser=Chrome</arg>
<doc>Opens a new browser instance to the optional ``url``.</doc>
<status status="PASS" start="2024-02-16T11:38:26.005334" elapsed="2.040073"/>
</kw>
<kw name="Maximize Browser Window" owner="SeleniumLibrary">
<doc>Maximizes current browser window.</doc>
<status status="PASS" start="2024-02-16T11:38:28.045407" elapsed="0.127658"/>
</kw>
<kw name="Go To" owner="SeleniumLibrary">
<msg time="2024-02-16T11:38:28.174063" level="INFO">Opening url 'https://rental20.infotiv.net/'</msg>
<arg>${url}</arg>
<doc>Navigates the current browser window to the provided ``url``.</doc>
<status status="PASS" start="2024-02-16T11:38:28.173065" elapsed="0.313139"/>
</kw>
<kw name="Set Selenium Speed" owner="SeleniumLibrary">
<arg>1</arg>
<doc>Sets the delay that is waited after each Selenium command.</doc>
<status status="PASS" start="2024-02-16T11:38:28.486204" elapsed="0.000000"/>
</kw>
<tag>setup</tag>
<doc>starts the browser, makes the browser fullscreen and goes to infotiv rental website</doc>
<status status="PASS" start="2024-02-16T11:38:26.003340" elapsed="2.483863"/>
</kw>
<test id="s1-s1-t1" name="Create New User" line="20">
<kw name="Input Information">
<kw name="Click Button" owner="SeleniumLibrary">
<msg time="2024-02-16T11:38:28.501165" level="INFO">Clicking button '//button[@id='createUser']'.</msg>
<arg>//button[@id='createUser']</arg>
<doc>Clicks the button identified by ``locator``.</doc>
<status status="PASS" start="2024-02-16T11:38:28.500167" elapsed="5.213096"/>
</kw>
<kw name="Input Text" owner="SeleniumLibrary">
<msg time="2024-02-16T11:38:33.714261" level="INFO">Typing text 'Bosse' into text field '//input[@id='name']'.</msg>
<arg>//input[@id='name']</arg>
<arg>${firstname}</arg>
<doc>Types the given ``text`` into the text field identified by ``locator``.</doc>
<status status="PASS" start="2024-02-16T11:38:33.713263" elapsed="3.138964"/>
</kw>
<kw name="Input Text" owner="SeleniumLibrary">
<msg time="2024-02-16T11:38:36.852227" level="INFO">Typing text 'Boss' into text field '//input[@id='last']'.</msg>
<arg>//input[@id='last']</arg>
<arg>${surname}</arg>
<doc>Types the given ``text`` into the text field identified by ``locator``.</doc>
<status status="PASS" start="2024-02-16T11:38:36.852227" elapsed="3.410719"/>
</kw>
<kw name="Input Text" owner="SeleniumLibrary">
<msg time="2024-02-16T11:38:40.263945" level="INFO">Typing text '0758934567' into text field '//input[@id='phone']'.</msg>
<arg>//input[@id='phone']</arg>
<arg>${number}</arg>
<doc>Types the given ``text`` into the text field identified by ``locator``.</doc>
<status status="PASS" start="2024-02-16T11:38:40.262946" elapsed="3.128104"/>
</kw>
<kw name="Input Text" owner="SeleniumLibrary">
<msg time="2024-02-16T11:38:43.392059" level="INFO">Typing text 'bosse@gmail.com' into text field '//input[@id='emailCreate']'.</msg>
<arg>//input[@id='emailCreate']</arg>
<arg>${email}</arg>
<doc>Types the given ``text`` into the text field identified by ``locator``.</doc>
<status status="PASS" start="2024-02-16T11:38:43.391050" elapsed="3.115175"/>
</kw>
<kw name="Input Text" owner="SeleniumLibrary">
<msg time="2024-02-16T11:38:46.506225" level="INFO">Typing text 'bosse@gmail.com' into text field '//input[@id='confirmEmail']'.</msg>
<arg>//input[@id='confirmEmail']</arg>
<arg>${email}</arg>
<doc>Types the given ``text`` into the text field identified by ``locator``.</doc>
<status status="PASS" start="2024-02-16T11:38:46.506225" elapsed="3.128518"/>
</kw>
<kw name="Input Text" owner="SeleniumLibrary">
<msg time="2024-02-16T11:38:49.634743" level="INFO">Typing text 'bosseisthebest123' into text field '//input[@id='passwordCreate']'.</msg>
<arg>//input[@id='passwordCreate']</arg>
<arg>${password}</arg>
<doc>Types the given ``text`` into the text field identified by ``locator``.</doc>
<status status="PASS" start="2024-02-16T11:38:49.634743" elapsed="3.142712"/>
</kw>
<kw name="Input Text" owner="SeleniumLibrary">
<msg time="2024-02-16T11:38:52.777455" level="INFO">Typing text 'bosseisthebest123' into text field '//input[@id='confirmPassword']'.</msg>
<arg>//input[@id='confirmPassword']</arg>
<arg>${password}</arg>
<doc>Types the given ``text`` into the text field identified by ``locator``.</doc>
<status status="PASS" start="2024-02-16T11:38:52.777455" elapsed="3.204743"/>
</kw>
<kw name="Page Should Contain Element" owner="SeleniumLibrary">
<msg time="2024-02-16T11:38:59.194050" level="INFO" html="true">&lt;/td&gt;&lt;/tr&gt;&lt;tr&gt;&lt;td colspan="3"&gt;&lt;a href="selenium-screenshot-3.png"&gt;&lt;img src="selenium-screenshot-3.png" width="800px"&gt;&lt;/a&gt;</msg>
<msg time="2024-02-16T11:38:59.194050" level="FAIL">Page should have contained element '//label[@id='signInError']' but did not.</msg>
<arg>//label[@id='signInError']</arg>
<doc>Verifies that element ``locator`` is found on the current page.</doc>
<status status="FAIL" start="2024-02-16T11:38:55.982198" elapsed="3.215842">Page should have contained element '//label[@id='signInError']' but did not.</status>
</kw>
<arg>${name}</arg>
<arg>${lastName}</arg>
<arg>${phoneNumber}</arg>
<arg>${email}</arg>
<arg>${password}</arg>
<status status="FAIL" start="2024-02-16T11:38:28.499169" elapsed="30.698871">Page should have contained element '//label[@id='signInError']' but did not.</status>
</kw>
<status status="FAIL" start="2024-02-16T11:38:28.487203" elapsed="30.711835">Page should have contained element '//label[@id='signInError']' but did not.</status>
</test>
<doc>test for Infotiv rental website</doc>
<status status="FAIL" start="2024-02-16T11:38:25.625351" elapsed="33.575680"/>
</suite>
<status status="FAIL" start="2024-02-16T11:38:25.582466" elapsed="33.619564"/>
</suite>
<statistics>
<total>
<stat pass="0" fail="1" skip="0">All Tests</stat>
</total>
<tag>
</tag>
<suite>
<stat pass="0" fail="1" skip="0" id="s1" name="SeleniumLabb">SeleniumLabb</stat>
<stat pass="0" fail="1" skip="0" id="s1-s1" name="Test">SeleniumLabb.Test</stat>
</suite>
</statistics>
<errors>
</errors>
</robot>
